C:\USERS\ALISON\DOCUMENTS\DATASTRUCTURE&ALGORITHMS\EXERCISES\GRAPH\DEBUG\MAIN.OBJ
C:\USERS\ALISON\DOCUMENTS\DATASTRUCTURE&ALGORITHMS\EXERCISES\GRAPH\DEBUG\VC110.PDB
C:\USERS\ALISON\DOCUMENTS\DATASTRUCTURE&ALGORITHMS\EXERCISES\GRAPH\DEBUG\GRAPH.ILK
C:\USERS\ALISON\DOCUMENTS\DATASTRUCTURE&ALGORITHMS\EXERCISES\GRAPH\DEBUG\GRAPH.EXE
C:\USERS\ALISON\DOCUMENTS\DATASTRUCTURE&ALGORITHMS\EXERCISES\GRAPH\DEBUG\GRAPH.PDB
C:\Users\Alison\Documents\DataStructure&Algorithms\Exercises\Graph\Debug\main.obj
C:\Users\Alison\Documents\DataStructure&Algorithms\Exercises\Graph\Debug\Graph.ilk
C:\Users\Alison\Documents\DataStructure&Algorithms\Exercises\Graph\Debug\cl.command.1.tlog
C:\Users\Alison\Documents\DataStructure&Algorithms\Exercises\Graph\Debug\CL.read.1.tlog
C:\Users\Alison\Documents\DataStructure&Algorithms\Exercises\Graph\Debug\CL.write.1.tlog
C:\Users\Alison\Documents\DataStructure&Algorithms\Exercises\Graph\Debug\link-cvtres.read.1.tlog
C:\Users\Alison\Documents\DataStructure&Algorithms\Exercises\Graph\Debug\link-cvtres.write.1.tlog
C:\Users\Alison\Documents\DataStructure&Algorithms\Exercises\Graph\Debug\link-rc.read.1.tlog
C:\Users\Alison\Documents\DataStructure&Algorithms\Exercises\Graph\Debug\link-rc.write.1.tlog
C:\Users\Alison\Documents\DataStructure&Algorithms\Exercises\Graph\Debug\link.command.1.tlog
C:\Users\Alison\Documents\DataStructure&Algorithms\Exercises\Graph\Debug\link.read.1.tlog
C:\Users\Alison\Documents\DataStructure&Algorithms\Exercises\Graph\Debug\link.write.1.tlog
C:\Users\Alison\Documents\DataStructure&Algorithms\Exercises\Graph\Debug\vc110.idb
C:\Users\Alison\Documents\DataStructure&Algorithms\Exercises\Graph\Debug\Graph.pdb
C:\Users\Alison\Documents\DataStructure&Algorithms\Exercises\Graph\Debug\vc110.pdb
C:\Users\Alison\Documents\DataStructure&Algorithms\Exercises\Graph\Debug\Graph.exe
